<?xml version="1.0" encoding="UTF-8"?>
<!-- Generated by org.testng.reporters.JUnitXMLReporter -->
<testsuite ignored="0" hostname="Aastha" failures="0" tests="4" name="Default test" time="0.102" errors="0" timestamp="2024-07-14T22:52:30 IST">
  <testcase classname="Flipkart.TestCasesFlipkart" name="@BeforeTest launchbrowser" time="-1.720977750286E9">
    <failure type="org.testng.TestNGException" message="
Parameter &amp;apos;browser&amp;apos; is required by BeforeTest on method launchbrowser but has not been marked @Optional or defined
in C:\Users\aasth\AppData\Local\Temp\testng-eclipse-1042094030\testng-customsuite.xml">
      <![CDATA[org.testng.TestNGException: 
Parameter 'browser' is required by BeforeTest on method launchbrowser but has not been marked @Optional or defined
in C:\Users\aasth\AppData\Local\Temp\testng-eclipse-1042094030\testng-customsuite.xml
at org.testng.internal.Parameters.createParams(Parameters.java:264)
at org.testng.internal.Parameters.createParametersForMethod(Parameters.java:352)
at org.testng.internal.Parameters.createParameters(Parameters.java:690)
at org.testng.internal.Parameters.createConfigurationParameters(Parameters.java:163)
at org.testng.internal.invokers.ConfigInvoker.invokeConfigurations(ConfigInvoker.java:313)
at org.testng.TestRunner.invokeTestConfigurations(TestRunner.java:655)
at org.testng.TestRunner.beforeRun(TestRunner.java:644)
at org.testng.TestRunner.run(TestRunner.java:610)
at org.testng.SuiteRunner.runTest(SuiteRunner.java:421)
at org.testng.SuiteRunner.runSequentially(SuiteRunner.java:413)
at org.testng.SuiteRunner.privateRun(SuiteRunner.java:373)
at org.testng.SuiteRunner.run(SuiteRunner.java:312)
at org.testng.SuiteRunnerWorker.runSuite(SuiteRunnerWorker.java:52)
at org.testng.SuiteRunnerWorker.run(SuiteRunnerWorker.java:95)
at org.testng.TestNG.runSuitesSequentially(TestNG.java:1274)
at org.testng.TestNG.runSuitesLocally(TestNG.java:1208)
at org.testng.TestNG.runSuites(TestNG.java:1112)
at org.testng.TestNG.run(TestNG.java:1079)
at org.testng.remote.AbstractRemoteTestNG.run(AbstractRemoteTestNG.java:115)
at org.testng.remote.RemoteTestNG.initAndRun(RemoteTestNG.java:293)
at org.testng.remote.RemoteTestNG.main(RemoteTestNG.java:91)
]]>
    </failure>
  </testcase> <!-- @BeforeTest launchbrowser -->
  <testcase classname="Flipkart.TestCasesFlipkart" name="@AfterMethod Aftermethod" time="0.0">
    <skipped/>
  </testcase> <!-- @AfterMethod Aftermethod -->
  <testcase classname="Flipkart.TestCasesFlipkart" name="@AfterMethod Aftermethod" time="0.0">
    <skipped/>
  </testcase> <!-- @AfterMethod Aftermethod -->
  <testcase classname="Flipkart.TestCasesFlipkart" name="@AfterMethod Aftermethod" time="0.0">
    <skipped/>
  </testcase> <!-- @AfterMethod Aftermethod -->
  <testcase classname="Flipkart.TestCasesFlipkart" name="@AfterMethod Aftermethod" time="0.0">
    <skipped/>
  </testcase> <!-- @AfterMethod Aftermethod -->
  <testcase classname="Flipkart.TestCasesFlipkart" name="@AfterTest teardown" time="0.0">
    <skipped/>
  </testcase> <!-- @AfterTest teardown -->
  <testcase classname="Flipkart.TestCasesFlipkart" name="belowSearchCategories" time="0.0">
    <skipped/>
  </testcase> <!-- belowSearchCategories -->
  <testcase classname="Flipkart.TestCasesFlipkart" name="searchProduct" time="0.0">
    <skipped/>
  </testcase> <!-- searchProduct -->
  <testcase classname="Flipkart.TestCasesFlipkart" name="checkCompareBoxOpenOrNot" time="0.0">
    <skipped/>
  </testcase> <!-- checkCompareBoxOpenOrNot -->
  <testcase classname="Flipkart.TestCasesFlipkart" name="addmoreProductOnComparepage" time="0.0">
    <skipped/>
  </testcase> <!-- addmoreProductOnComparepage -->
</testsuite> <!-- Default test -->
